<?xml version="1.0" encoding="UTF-8"?>
<!-- Generated by org.testng.reporters.JUnitXMLReporter -->
<testsuite ignored="12" hostname="Nidhins-MacBook-Air.local" failures="1" tests="1" name="Default test" time="12.733" errors="0" timestamp="2025-03-07T10:29:44 IST">
  <testcase classname="testNG_Programs.Assertion_Ex" name="@AfterMethod afterMethod" time="1.002">
    <failure type="java.lang.NullPointerException" message="Cannot invoke &amp;quot;org.openqa.selenium.WebDriver.quit()&amp;quot; because &amp;quot;this.driver&amp;quot; is null">
      <![CDATA[java.lang.NullPointerException: Cannot invoke "org.openqa.selenium.WebDriver.quit()" because "this.driver" is null
at testNG_Programs.Assertion_Ex.afterMethod(Assertion_Ex.java:208)
at java.base/jdk.internal.reflect.NativeMethodAccessorImpl.invoke0(Native Method)
at java.base/jdk.internal.reflect.NativeMethodAccessorImpl.invoke(NativeMethodAccessorImpl.java:77)
at java.base/jdk.internal.reflect.DelegatingMethodAccessorImpl.invoke(DelegatingMethodAccessorImpl.java:43)
at java.base/java.lang.reflect.Method.invoke(Method.java:568)
at org.testng.internal.invokers.MethodInvocationHelper.invokeMethod(MethodInvocationHelper.java:141)
at org.testng.internal.invokers.MethodInvocationHelper.invokeMethodConsideringTimeout(MethodInvocationHelper.java:71)
at org.testng.internal.invokers.ConfigInvoker.invokeConfigurationMethod(ConfigInvoker.java:400)
at org.testng.internal.invokers.ConfigInvoker.invokeConfigurations(ConfigInvoker.java:333)
at org.testng.internal.invokers.TestInvoker.runConfigMethods(TestInvoker.java:833)
at org.testng.internal.invokers.TestInvoker.runAfterConfigurations(TestInvoker.java:802)
at org.testng.internal.invokers.TestInvoker.invokeMethod(TestInvoker.java:778)
at org.testng.internal.invokers.TestInvoker.invokeTestMethod(TestInvoker.java:230)
at org.testng.internal.invokers.MethodRunner.runInSequence(MethodRunner.java:63)
at org.testng.internal.invokers.TestInvoker$MethodInvocationAgent.invoke(TestInvoker.java:992)
at org.testng.internal.invokers.TestInvoker.invokeTestMethods(TestInvoker.java:203)
at org.testng.internal.invokers.TestMethodWorker.invokeTestMethods(TestMethodWorker.java:154)
at org.testng.internal.invokers.TestMethodWorker.run(TestMethodWorker.java:134)
at java.base/java.util.ArrayList.forEach(ArrayList.java:1511)
at org.testng.TestRunner.privateRun(TestRunner.java:739)
at org.testng.TestRunner.run(TestRunner.java:614)
at org.testng.SuiteRunner.runTest(SuiteRunner.java:421)
at org.testng.SuiteRunner.runSequentially(SuiteRunner.java:413)
at org.testng.SuiteRunner.privateRun(SuiteRunner.java:373)
at org.testng.SuiteRunner.run(SuiteRunner.java:312)
at org.testng.SuiteRunnerWorker.runSuite(SuiteRunnerWorker.java:52)
at org.testng.SuiteRunnerWorker.run(SuiteRunnerWorker.java:95)
at org.testng.TestNG.runSuitesSequentially(TestNG.java:1274)
at org.testng.TestNG.runSuitesLocally(TestNG.java:1208)
at org.testng.TestNG.runSuites(TestNG.java:1112)
at org.testng.TestNG.run(TestNG.java:1079)
at org.testng.remote.AbstractRemoteTestNG.run(AbstractRemoteTestNG.java:115)
at org.testng.remote.RemoteTestNG.initAndRun(RemoteTestNG.java:293)
at org.testng.remote.RemoteTestNG.main(RemoteTestNG.java:91)
]]>
    </failure>
  </testcase> <!-- @AfterMethod afterMethod -->
  <testcase classname="testNG_Programs.Assertion_Ex" name="verifyIfTheMessageEnteringTextboxIsEmptyInInputFormPage_byDefault" time="0.006">
    <failure type="java.lang.NullPointerException" message="Cannot invoke &amp;quot;org.openqa.selenium.WebDriver.findElement(org.openqa.selenium.By)&amp;quot; because &amp;quot;this.driver&amp;quot; is null">
      <![CDATA[java.lang.NullPointerException: Cannot invoke "org.openqa.selenium.WebDriver.findElement(org.openqa.selenium.By)" because "this.driver" is null
at testNG_Programs.Assertion_Ex.verifyIfTheMessageEnteringTextboxIsEmptyInInputFormPage_byDefault(Assertion_Ex.java:32)
at java.base/jdk.internal.reflect.NativeMethodAccessorImpl.invoke0(Native Method)
at java.base/jdk.internal.reflect.NativeMethodAccessorImpl.invoke(NativeMethodAccessorImpl.java:77)
at java.base/jdk.internal.reflect.DelegatingMethodAccessorImpl.invoke(DelegatingMethodAccessorImpl.java:43)
at java.base/java.lang.reflect.Method.invoke(Method.java:568)
at org.testng.internal.invokers.MethodInvocationHelper.invokeMethod(MethodInvocationHelper.java:141)
at org.testng.internal.invokers.TestInvoker.invokeMethod(TestInvoker.java:686)
at org.testng.internal.invokers.TestInvoker.invokeTestMethod(TestInvoker.java:230)
at org.testng.internal.invokers.MethodRunner.runInSequence(MethodRunner.java:63)
at org.testng.internal.invokers.TestInvoker$MethodInvocationAgent.invoke(TestInvoker.java:992)
at org.testng.internal.invokers.TestInvoker.invokeTestMethods(TestInvoker.java:203)
at org.testng.internal.invokers.TestMethodWorker.invokeTestMethods(TestMethodWorker.java:154)
at org.testng.internal.invokers.TestMethodWorker.run(TestMethodWorker.java:134)
at java.base/java.util.ArrayList.forEach(ArrayList.java:1511)
at org.testng.TestRunner.privateRun(TestRunner.java:739)
at org.testng.TestRunner.run(TestRunner.java:614)
at org.testng.SuiteRunner.runTest(SuiteRunner.java:421)
at org.testng.SuiteRunner.runSequentially(SuiteRunner.java:413)
at org.testng.SuiteRunner.privateRun(SuiteRunner.java:373)
at org.testng.SuiteRunner.run(SuiteRunner.java:312)
at org.testng.SuiteRunnerWorker.runSuite(SuiteRunnerWorker.java:52)
at org.testng.SuiteRunnerWorker.run(SuiteRunnerWorker.java:95)
at org.testng.TestNG.runSuitesSequentially(TestNG.java:1274)
at org.testng.TestNG.runSuitesLocally(TestNG.java:1208)
at org.testng.TestNG.runSuites(TestNG.java:1112)
at org.testng.TestNG.run(TestNG.java:1079)
at org.testng.remote.AbstractRemoteTestNG.run(AbstractRemoteTestNG.java:115)
at org.testng.remote.RemoteTestNG.initAndRun(RemoteTestNG.java:293)
at org.testng.remote.RemoteTestNG.main(RemoteTestNG.java:91)
]]>
    </failure>
  </testcase> <!-- verifyIfTheMessageEnteringTextboxIsEmptyInInputFormPage_byDefault -->
  <testcase classname="testNG_Programs.Assertion_Ex" name="verifyToSelectOptionRedFromTheSelectColorDropdownInSelectInputPage" time="0.0">
    <ignored/>
  </testcase> <!-- verifyToSelectOptionRedFromTheSelectColorDropdownInSelectInputPage -->
  <testcase classname="testNG_Programs.Assertion_Ex" name="VerifyIfTheLogoIsDisplayedOrNotInHomePage" time="0.0">
    <ignored/>
  </testcase> <!-- VerifyIfTheLogoIsDisplayedOrNotInHomePage -->
  <testcase classname="testNG_Programs.Assertion_Ex" name="verifyTheCountOfAllTabsPresentOnTheHomePage" time="0.0">
    <ignored/>
  </testcase> <!-- verifyTheCountOfAllTabsPresentOnTheHomePage -->
  <testcase classname="testNG_Programs.Assertion_Ex" name="verify_ExactPageOpensWhileHiuttingTheURL" time="0.0">
    <ignored/>
  </testcase> <!-- verify_ExactPageOpensWhileHiuttingTheURL -->
  <testcase classname="testNG_Programs.Assertion_Ex" name="verifyTheCountOfRadioButtonsInRadioButtonsDemoPage" time="0.0">
    <ignored/>
  </testcase> <!-- verifyTheCountOfRadioButtonsInRadioButtonsDemoPage -->
  <testcase classname="testNG_Programs.Assertion_Ex" name="verifyAllCheckboxesAreUncheckedByDefault" time="0.0">
    <ignored/>
  </testcase> <!-- verifyAllCheckboxesAreUncheckedByDefault -->
  <testcase classname="testNG_Programs.Assertion_Ex" name="verifyAllTabsArePresentOnTheHomePage" time="0.0">
    <ignored/>
  </testcase> <!-- verifyAllTabsArePresentOnTheHomePage -->
  <testcase classname="testNG_Programs.Assertion_Ex" name="verifyTheCheckboxCheckBoxOneIsCheckedOrNotAfterClickingOnIt" time="0.0">
    <ignored/>
  </testcase> <!-- verifyTheCheckboxCheckBoxOneIsCheckedOrNotAfterClickingOnIt -->
  <testcase classname="testNG_Programs.Assertion_Ex" name="verify_the_radio_button_Female_is_selected_or_not_while_clicking_on_it" time="0.0">
    <ignored/>
  </testcase> <!-- verify_the_radio_button_Female_is_selected_or_not_while_clicking_on_it -->
  <testcase classname="testNG_Programs.Assertion_Ex" name="verifyTheCountOfCheckboxesInCheckboxDemoPage" time="0.0">
    <ignored/>
  </testcase> <!-- verifyTheCountOfCheckboxesInCheckboxDemoPage -->
  <testcase classname="testNG_Programs.Assertion_Ex" name="verify_all_radio_buttons_are_selected_or_not_by_default" time="0.0">
    <ignored/>
  </testcase> <!-- verify_all_radio_buttons_are_selected_or_not_by_default -->
  <testcase classname="testNG_Programs.Assertion_Ex" name="verifyIfTheInputFormIsEmptyInInputFormPage_afterEnteringMessage" time="0.0">
    <ignored/>
  </testcase> <!-- verifyIfTheInputFormIsEmptyInInputFormPage_afterEnteringMessage -->
</testsuite> <!-- Default test -->
